<?xml version="1.0" encoding="UTF-8"?>
<!-- Generated by org.testng.reporters.JUnitReportReporter -->
<testsuite hostname="rakshitsewach" failures="0" tests="1" name="First.Frames" time="6.757" errors="0" timestamp="2021-08-01T03:52:01 GMT" skipped="0">
  <testcase classname="First.Frames" name="script1" time="6.757"/>
  <system-out/>
</testsuite> <!-- First.Frames -->
