<?xml version="1.0" encoding="UTF-8"?>
<!-- Generated by org.testng.reporters.JUnitReportReporter -->
<testsuite hostname="rakshitsewach" failures="0" tests="1" name="First.UploadFiles" time="7.586" errors="0" timestamp="2021-08-01T06:21:44 GMT" skipped="0">
  <testcase classname="First.UploadFiles" name="uploadFile" time="7.586"/>
  <system-out/>
</testsuite> <!-- First.UploadFiles -->
