<?xml version="1.0" encoding="UTF-8"?>
<!-- Generated by org.testng.reporters.JUnitReportReporter -->
<testsuite hostname="rakshitsewach" failures="0" tests="1" name="Runner1.Run2" time="11.614" errors="0" timestamp="2021-08-01T06:06:45 GMT" skipped="0">
  <testcase classname="Runner1.Run2" name="runScenario" time="11.614"/>
  <system-out/>
</testsuite> <!-- Runner1.Run2 -->
