<?xml version="1.0" encoding="UTF-8"?>
<!-- Generated by org.testng.reporters.JUnitReportReporter -->
<testsuite hostname="rakshitsewach" failures="0" tests="1" name="Runner.Run1" time="10.292" errors="0" timestamp="2021-07-31T13:41:10 GMT" skipped="0">
  <testcase classname="Runner.Run1" name="runScenario" time="10.292"/>
  <system-out/>
</testsuite> <!-- Runner.Run1 -->
